# JRE version: OpenJDK Runtime Environment Temurin-21.0.12.1+1 (21.0.12.1+1) (build 21.0.12.1+1-LTS)
# Java VM: OpenJDK 64-Bit Server VM Temurin-21.0.12.1+1 (21.0.12.1+1-LTS, mixed mode, sharing, tiered, compressed oops, compressed class ptrs, parallel gc, windows-amd64)
GC Precious Log:
 CardTable entry size: 512
 CPUs: 8 total, 8 available
 Memory: 15693M
 Large Page Support: Disabled
 NUMA Support: Disabled
 Compressed Oops: Enabled (Zero based)
 Alignments: Space 512K, Generation 512K, Heap 2M
 Heap Min Capacity: 100M
 Heap Initial Capacity: 100M
 Heap Max Capacity: 4G
 Pre-touch: Disabled
 Parallel Workers: 8
Heap:
 PSYoungGen      total 27136K, used 26176K [0x00000007aab00000, 0x00000007acc00000, 0x0000000800000000)
  eden space 25088K, 96% used [0x00000007aab00000,0x00000007ac292e88,0x00000007ac380000)
  from space 2048K, 99% used [0x00000007ac780000,0x00000007ac97d4f0,0x00000007ac980000)
  to   space 4096K, 0% used [0x00000007ac380000,0x00000007ac380000,0x00000007ac780000)
 ParOldGen       total 88064K, used 49037K [0x0000000700000000, 0x0000000705600000, 0x00000007aab00000)
  object space 88064K, 55% used [0x0000000700000000,0x0000000702fe34f0,0x0000000705600000)
 Metaspace       used 72549K, committed 73856K, reserved 1179648K
  class space    used 7854K, committed 8448K, reserved 1048576K
GC Heap History (20 events):
Event: 74.346 GC heap before
{Heap before GC invocations=42 (full 3):
 PSYoungGen      total 19456K, used 19287K [0x00000007aab00000, 0x00000007ac000000, 0x0000000800000000)
  eden space 18432K, 100% used [0x00000007aab00000,0x00000007abd00000,0x00000007abd00000)
  from space 1024K, 83% used [0x00000007abf00000,0x00000007abfd5d98,0x00000007ac000000)
  to   space 1024K, 0% used [0x00000007abd00000,0x00000007abd00000,0x00000007abe00000)
 ParOldGen       total 68608K, used 45647K [0x0000000700000000, 0x0000000704300000, 0x00000007aab00000)
  object space 68608K, 66% used [0x0000000700000000,0x0000000702c93fb0,0x0000000704300000)
 Metaspace       used 67761K, committed 69056K, reserved 1114112K
  class space    used 7357K, committed 7936K, reserved 1048576K
}
Event: 74.351 GC heap after
{Heap after GC invocations=42 (full 3):
 PSYoungGen      total 19456K, used 848K [0x00000007aab00000, 0x00000007abf80000, 0x0000000800000000)
  eden space 18432K, 0% used [0x00000007aab00000,0x00000007aab00000,0x00000007abd00000)
  from space 1024K, 82% used [0x00000007abd00000,0x00000007abdd4010,0x00000007abe00000)
  to   space 1024K, 0% used [0x00000007abe80000,0x00000007abe80000,0x00000007abf80000)
 ParOldGen       total 68608K, used 46406K [0x0000000700000000, 0x0000000704300000, 0x00000007aab00000)
  object space 68608K, 67% used [0x0000000700000000,0x0000000702d51988,0x0000000704300000)
 Metaspace       used 67761K, committed 69056K, reserved 1114112K
  class space    used 7357K, committed 7936K, reserved 1048576K
}
Event: 91.025 GC heap before
{Heap before GC invocations=43 (full 3):
 PSYoungGen      total 19456K, used 10031K [0x00000007aab00000, 0x00000007abf80000, 0x0000000800000000)
  eden space 18432K, 49% used [0x00000007aab00000,0x00000007ab3f7e70,0x00000007abd00000)
  from space 1024K, 82% used [0x00000007abd00000,0x00000007abdd4010,0x00000007abe00000)
  to   space 1024K, 0% used [0x00000007abe80000,0x00000007abe80000,0x00000007abf80000)
 ParOldGen       total 68608K, used 46406K [0x0000000700000000, 0x0000000704300000, 0x00000007aab00000)
  object space 68608K, 67% used [0x0000000700000000,0x0000000702d51988,0x0000000704300000)
 Metaspace       used 67956K, committed 69248K, reserved 1114112K
  class space    used 7357K, committed 7936K, reserved 1048576K
}
Event: 91.028 GC heap after
{Heap after GC invocations=43 (full 3):
 PSYoungGen      total 18944K, used 1007K [0x00000007aab00000, 0x00000007ac100000, 0x0000000800000000)
  eden space 17920K, 0% used [0x00000007aab00000,0x00000007aab00000,0x00000007abc80000)
  from space 1024K, 98% used [0x00000007abe80000,0x00000007abf7bf10,0x00000007abf80000)
  to   space 2048K, 0% used [0x00000007abc80000,0x00000007abc80000,0x00000007abe80000)
 ParOldGen       total 68608K, used 46942K [0x0000000700000000, 0x0000000704300000, 0x00000007aab00000)
  object space 68608K, 68% used [0x0000000700000000,0x0000000702dd7988,0x0000000704300000)
 Metaspace       used 67956K, committed 69248K, reserved 1114112K
  class space    used 7357K, committed 7936K, reserved 1048576K
}
Event: 91.028 GC heap before
{Heap before GC invocations=44 (full 3):
 PSYoungGen      total 18944K, used 1007K [0x00000007aab00000, 0x00000007ac100000, 0x0000000800000000)
  eden space 17920K, 0% used [0x00000007aab00000,0x00000007aab00000,0x00000007abc80000)
  from space 1024K, 98% used [0x00000007abe80000,0x00000007abf7bf10,0x00000007abf80000)
  to   space 2048K, 0% used [0x00000007abc80000,0x00000007abc80000,0x00000007abe80000)
 ParOldGen       total 68608K, used 46942K [0x0000000700000000, 0x0000000704300000, 0x00000007aab00000)
  object space 68608K, 68% used [0x0000000700000000,0x0000000702dd7988,0x0000000704300000)
 Metaspace       used 67956K, committed 69248K, reserved 1114112K
  class space    used 7357K, committed 7936K, reserved 1048576K
}
Event: 91.029 GC heap after
{Heap after GC invocations=44 (full 3):
 PSYoungGen      total 19968K, used 0K [0x00000007aab00000, 0x00000007ac280000, 0x0000000800000000)
  eden space 17920K, 0% used [0x00000007aab00000,0x00000007aab00000,0x00000007abc80000)
  from space 2048K, 0% used [0x00000007abc80000,0x00000007abc80000,0x00000007abe80000)
  to   space 1024K, 0% used [0x00000007ac180000,0x00000007ac180000,0x00000007ac280000)
 ParOldGen       total 68608K, used 47979K [0x0000000700000000, 0x0000000704300000, 0x00000007aab00000)
  object space 68608K, 69% used [0x0000000700000000,0x0000000702edad28,0x0000000704300000)
 Metaspace       used 67956K, committed 69248K, reserved 1114112K
  class space    used 7357K, committed 7936K, reserved 1048576K
}
Event: 91.029 GC heap before
{Heap before GC invocations=45 (full 4):
 PSYoungGen      total 19968K, used 0K [0x00000007aab00000, 0x00000007ac280000, 0x0000000800000000)
  eden space 17920K, 0% used [0x00000007aab00000,0x00000007aab00000,0x00000007abc80000)
  from space 2048K, 0% used [0x00000007abc80000,0x00000007abc80000,0x00000007abe80000)
  to   space 1024K, 0% used [0x00000007ac180000,0x00000007ac180000,0x00000007ac280000)
 ParOldGen       total 68608K, used 47979K [0x0000000700000000, 0x0000000704300000, 0x00000007aab00000)
  object space 68608K, 69% used [0x0000000700000000,0x0000000702edad28,0x0000000704300000)
 Metaspace       used 67956K, committed 69248K, reserved 1114112K
  class space    used 7357K, committed 7936K, reserved 1048576K
}
Event: 91.109 GC heap after
{Heap after GC invocations=45 (full 4):
 PSYoungGen      total 23040K, used 0K [0x00000007aab00000, 0x00000007ac280000, 0x0000000800000000)
  eden space 22016K, 0% used [0x00000007aab00000,0x00000007aab00000,0x00000007ac080000)
  from space 1024K, 0% used [0x00000007ac180000,0x00000007ac180000,0x00000007ac280000)
  to   space 1024K, 0% used [0x00000007ac080000,0x00000007ac080000,0x00000007ac180000)
 ParOldGen       total 73728K, used 46151K [0x0000000700000000, 0x0000000704800000, 0x00000007aab00000)
  object space 73728K, 62% used [0x0000000700000000,0x0000000702d11f60,0x0000000704800000)
 Metaspace       used 67956K, committed 69248K, reserved 1114112K
  class space    used 7357K, committed 7936K, reserved 1048576K
}
Event: 91.110 GC heap before
{Heap before GC invocations=46 (full 4):
 PSYoungGen      total 23040K, used 0K [0x00000007aab00000, 0x00000007ac280000, 0x0000000800000000)
  eden space 22016K, 0% used [0x00000007aab00000,0x00000007aab00000,0x00000007ac080000)
  from space 1024K, 0% used [0x00000007ac180000,0x00000007ac180000,0x00000007ac280000)
  to   space 1024K, 0% used [0x00000007ac080000,0x00000007ac080000,0x00000007ac180000)
 ParOldGen       total 73728K, used 46151K [0x0000000700000000, 0x0000000704800000, 0x00000007aab00000)
  object space 73728K, 62% used [0x0000000700000000,0x0000000702d11f60,0x0000000704800000)
 Metaspace       used 67956K, committed 69248K, reserved 1114112K
  class space    used 7357K, committed 7936K, reserved 1048576K
}
Event: 91.111 GC heap after
{Heap after GC invocations=46 (full 4):
 PSYoungGen      total 23040K, used 0K [0x00000007aab00000, 0x00000007ac200000, 0x0000000800000000)
  eden space 22016K, 0% used [0x00000007aab00000,0x00000007aab00000,0x00000007ac080000)
  from space 1024K, 0% used [0x00000007ac080000,0x00000007ac080000,0x00000007ac180000)
  to   space 512K, 0% used [0x00000007ac180000,0x00000007ac180000,0x00000007ac200000)
 ParOldGen       total 73728K, used 46151K [0x0000000700000000, 0x0000000704800000, 0x00000007aab00000)
  object space 73728K, 62% used [0x0000000700000000,0x0000000702d11f60,0x0000000704800000)
 Metaspace       used 67956K, committed 69248K, reserved 1114112K
  class space    used 7357K, committed 7936K, reserved 1048576K
}
Event: 91.111 GC heap before
{Heap before GC invocations=47 (full 5):
 PSYoungGen      total 23040K, used 0K [0x00000007aab00000, 0x00000007ac200000, 0x0000000800000000)
  eden space 22016K, 0% used [0x00000007aab00000,0x00000007aab00000,0x00000007ac080000)
  from space 1024K, 0% used [0x00000007ac080000,0x00000007ac080000,0x00000007ac180000)
  to   space 512K, 0% used [0x00000007ac180000,0x00000007ac180000,0x00000007ac200000)
 ParOldGen       total 73728K, used 46151K [0x0000000700000000, 0x0000000704800000, 0x00000007aab00000)
  object space 73728K, 62% used [0x0000000700000000,0x0000000702d11f60,0x0000000704800000)
 Metaspace       used 67956K, committed 69248K, reserved 1114112K
  class space    used 7357K, committed 7936K, reserved 1048576K
}
Event: 91.232 GC heap after
{Heap after GC invocations=47 (full 5):
 PSYoungGen      total 23040K, used 0K [0x00000007aab00000, 0x00000007ac300000, 0x0000000800000000)
  eden space 22528K, 0% used [0x00000007aab00000,0x00000007aab00000,0x00000007ac100000)
  from space 512K, 0% used [0x00000007ac180000,0x00000007ac180000,0x00000007ac200000)
  to   space 512K, 0% used [0x00000007ac100000,0x00000007ac100000,0x00000007ac180000)
 ParOldGen       total 88064K, used 41936K [0x0000000700000000, 0x0000000705600000, 0x00000007aab00000)
  object space 88064K, 47% used [0x0000000700000000,0x00000007028f42d0,0x0000000705600000)
 Metaspace       used 67629K, committed 69248K, reserved 1114112K
  class space    used 7269K, committed 7936K, reserved 1048576K
}
Event: 93.148 GC heap before
{Heap before GC invocations=48 (full 5):
 PSYoungGen      total 23040K, used 22528K [0x00000007aab00000, 0x00000007ac300000, 0x0000000800000000)
  eden space 22528K, 100% used [0x00000007aab00000,0x00000007ac100000,0x00000007ac100000)
  from space 512K, 0% used [0x00000007ac180000,0x00000007ac180000,0x00000007ac200000)
  to   space 512K, 0% used [0x00000007ac100000,0x00000007ac100000,0x00000007ac180000)
 ParOldGen       total 88064K, used 41936K [0x0000000700000000, 0x0000000705600000, 0x00000007aab00000)
  object space 88064K, 47% used [0x0000000700000000,0x00000007028f42d0,0x0000000705600000)
 Metaspace       used 68047K, committed 69312K, reserved 1114112K
  class space    used 7326K, committed 7936K, reserved 1048576K
}
Event: 93.154 GC heap after
{Heap after GC invocations=48 (full 5):
 PSYoungGen      total 23040K, used 512K [0x00000007aab00000, 0x00000007acf80000, 0x0000000800000000)
  eden space 22528K, 0% used [0x00000007aab00000,0x00000007aab00000,0x00000007ac100000)
  from space 512K, 100% used [0x00000007ac100000,0x00000007ac180000,0x00000007ac180000)
  to   space 6656K, 0% used [0x00000007ac900000,0x00000007ac900000,0x00000007acf80000)
 ParOldGen       total 88064K, used 46987K [0x0000000700000000, 0x0000000705600000, 0x00000007aab00000)
  object space 88064K, 53% used [0x0000000700000000,0x0000000702de2d88,0x0000000705600000)
 Metaspace       used 68047K, committed 69312K, reserved 1114112K
  class space    used 7326K, committed 7936K, reserved 1048576K
}
Event: 96.228 GC heap before
{Heap before GC invocations=49 (full 5):
 PSYoungGen      total 23040K, used 23040K [0x00000007aab00000, 0x00000007acf80000, 0x0000000800000000)
  eden space 22528K, 100% used [0x00000007aab00000,0x00000007ac100000,0x00000007ac100000)
  from space 512K, 100% used [0x00000007ac100000,0x00000007ac180000,0x00000007ac180000)
  to   space 6656K, 0% used [0x00000007ac900000,0x00000007ac900000,0x00000007acf80000)
 ParOldGen       total 88064K, used 46987K [0x0000000700000000, 0x0000000705600000, 0x00000007aab00000)
  object space 88064K, 53% used [0x0000000700000000,0x0000000702de2d88,0x0000000705600000)
 Metaspace       used 68553K, committed 69760K, reserved 1114112K
  class space    used 7364K, committed 7936K, reserved 1048576K
}
Event: 96.231 GC heap after
{Heap after GC invocations=49 (full 5):
 PSYoungGen      total 25088K, used 1455K [0x00000007aab00000, 0x00000007aca80000, 0x0000000800000000)
  eden space 23552K, 0% used [0x00000007aab00000,0x00000007aab00000,0x00000007ac200000)
  from space 1536K, 94% used [0x00000007ac900000,0x00000007aca6bff0,0x00000007aca80000)
  to   space 3072K, 0% used [0x00000007ac480000,0x00000007ac480000,0x00000007ac780000)
 ParOldGen       total 88064K, used 47528K [0x0000000700000000, 0x0000000705600000, 0x00000007aab00000)
  object space 88064K, 53% used [0x0000000700000000,0x0000000702e6a208,0x0000000705600000)
 Metaspace       used 68553K, committed 69760K, reserved 1114112K
  class space    used 7364K, committed 7936K, reserved 1048576K
}
Event: 99.085 GC heap before
{Heap before GC invocations=50 (full 5):
 PSYoungGen      total 25088K, used 24051K [0x00000007aab00000, 0x00000007aca80000, 0x0000000800000000)
  eden space 23552K, 95% used [0x00000007aab00000,0x00000007ac110e30,0x00000007ac200000)
  from space 1536K, 94% used [0x00000007ac900000,0x00000007aca6bff0,0x00000007aca80000)
  to   space 3072K, 0% used [0x00000007ac480000,0x00000007ac480000,0x00000007ac780000)
 ParOldGen       total 88064K, used 47528K [0x0000000700000000, 0x0000000705600000, 0x00000007aab00000)
  object space 88064K, 53% used [0x0000000700000000,0x0000000702e6a208,0x0000000705600000)
 Metaspace       used 69099K, committed 70336K, reserved 1114112K
  class space    used 7407K, committed 7936K, reserved 1048576K
}
Event: 99.089 GC heap after
{Heap after GC invocations=50 (full 5):
 PSYoungGen      total 27648K, used 2590K [0x00000007aab00000, 0x00000007ac980000, 0x0000000800000000)
  eden space 24576K, 0% used [0x00000007aab00000,0x00000007aab00000,0x00000007ac300000)
  from space 3072K, 84% used [0x00000007ac480000,0x00000007ac707998,0x00000007ac780000)
  to   space 2048K, 0% used [0x00000007ac780000,0x00000007ac780000,0x00000007ac980000)
 ParOldGen       total 88064K, used 47536K [0x0000000700000000, 0x0000000705600000, 0x00000007aab00000)
  object space 88064K, 53% used [0x0000000700000000,0x0000000702e6c208,0x0000000705600000)
 Metaspace       used 69099K, committed 70336K, reserved 1114112K
  class space    used 7407K, committed 7936K, reserved 1048576K
}
Event: 100.446 GC heap before
{Heap before GC invocations=51 (full 5):
 PSYoungGen      total 27648K, used 27166K [0x00000007aab00000, 0x00000007ac980000, 0x0000000800000000)
  eden space 24576K, 100% used [0x00000007aab00000,0x00000007ac300000,0x00000007ac300000)
  from space 3072K, 84% used [0x00000007ac480000,0x00000007ac707998,0x00000007ac780000)
  to   space 2048K, 0% used [0x00000007ac780000,0x00000007ac780000,0x00000007ac980000)
 ParOldGen       total 88064K, used 47536K [0x0000000700000000, 0x0000000705600000, 0x00000007aab00000)
  object space 88064K, 53% used [0x0000000700000000,0x0000000702e6c208,0x0000000705600000)
 Metaspace       used 72080K, committed 73472K, reserved 1114112K
  class space    used 7787K, committed 8384K, reserved 1048576K
}
Event: 100.451 GC heap after
{Heap after GC invocations=51 (full 5):
 PSYoungGen      total 27136K, used 2037K [0x00000007aab00000, 0x00000007acc00000, 0x0000000800000000)
  eden space 25088K, 0% used [0x00000007aab00000,0x00000007aab00000,0x00000007ac380000)
  from space 2048K, 99% used [0x00000007ac780000,0x00000007ac97d4f0,0x00000007ac980000)
  to   space 4096K, 0% used [0x00000007ac380000,0x00000007ac380000,0x00000007ac780000)
 ParOldGen       total 88064K, used 49037K [0x0000000700000000, 0x0000000705600000, 0x00000007aab00000)
  object space 88064K, 55% used [0x0000000700000000,0x0000000702fe34f0,0x0000000705600000)
 Metaspace       used 72080K, committed 73472K, reserved 1114112K
  class space    used 7787K, committed 8384K, reserved 1048576K
}

