# JRE version: OpenJDK Runtime Environment Temurin-21.0.12.1+1 (21.0.12.1+1) (build 21.0.12.1+1-LTS)
# Java VM: OpenJDK 64-Bit Server VM Temurin-21.0.12.1+1 (21.0.12.1+1-LTS, mixed mode, sharing, tiered, compressed oops, compressed class ptrs, parallel gc, windows-amd64)
GC Precious Log:
 CardTable entry size: 512
 CPUs: 8 total, 8 available
 Memory: 15693M
 Large Page Support: Disabled
 NUMA Support: Disabled
 Compressed Oops: Enabled (Zero based)
 Alignments: Space 512K, Generation 512K, Heap 2M
 Heap Min Capacity: 100M
 Heap Initial Capacity: 100M
 Heap Max Capacity: 4G
 Pre-touch: Disabled
 Parallel Workers: 8
Heap:
 PSYoungGen      total 20480K, used 16048K [0x00000007aab00000, 0x00000007ac880000, 0x0000000800000000)
  eden space 17920K, 75% used [0x00000007aab00000,0x00000007ab8301d0,0x00000007abc80000)
  from space 2560K, 99% used [0x00000007abc80000,0x00000007abefc010,0x00000007abf00000)
  to   space 6144K, 0% used [0x00000007ac280000,0x00000007ac280000,0x00000007ac880000)
 ParOldGen       total 68608K, used 56265K [0x0000000700000000, 0x0000000704300000, 0x00000007aab00000)
  object space 68608K, 82% used [0x0000000700000000,0x00000007036f2540,0x0000000704300000)
 Metaspace       used 69335K, committed 70848K, reserved 1114112K
  class space    used 7433K, committed 8064K, reserved 1048576K
GC Heap History (20 events):
Event: 17.883 GC heap before
{Heap before GC invocations=37 (full 3):
 PSYoungGen      total 19456K, used 17920K [0x00000007aab00000, 0x00000007ac080000, 0x0000000800000000)
  eden space 17920K, 100% used [0x00000007aab00000,0x00000007abc80000,0x00000007abc80000)
  from space 1536K, 0% used [0x00000007abe00000,0x00000007abe00000,0x00000007abf80000)
  to   space 1024K, 0% used [0x00000007abf80000,0x00000007abf80000,0x00000007ac080000)
 ParOldGen       total 68608K, used 41326K [0x0000000700000000, 0x0000000704300000, 0x00000007aab00000)
  object space 68608K, 60% used [0x0000000700000000,0x000000070285ba38,0x0000000704300000)
 Metaspace       used 60391K, committed 61760K, reserved 1114112K
  class space    used 6541K, committed 7168K, reserved 1048576K
}
Event: 17.888 GC heap after
{Heap after GC invocations=37 (full 3):
 PSYoungGen      total 18944K, used 1017K [0x00000007aab00000, 0x00000007ac080000, 0x0000000800000000)
  eden space 17920K, 0% used [0x00000007aab00000,0x00000007aab00000,0x00000007abc80000)
  from space 1024K, 99% used [0x00000007abf80000,0x00000007ac07e4b0,0x00000007ac080000)
  to   space 2048K, 0% used [0x00000007abc80000,0x00000007abc80000,0x00000007abe80000)
 ParOldGen       total 68608K, used 41874K [0x0000000700000000, 0x0000000704300000, 0x00000007aab00000)
  object space 68608K, 61% used [0x0000000700000000,0x00000007028e4948,0x0000000704300000)
 Metaspace       used 60391K, committed 61760K, reserved 1114112K
  class space    used 6541K, committed 7168K, reserved 1048576K
}
Event: 18.376 GC heap before
{Heap before GC invocations=38 (full 3):
 PSYoungGen      total 18944K, used 18937K [0x00000007aab00000, 0x00000007ac080000, 0x0000000800000000)
  eden space 17920K, 100% used [0x00000007aab00000,0x00000007abc80000,0x00000007abc80000)
  from space 1024K, 99% used [0x00000007abf80000,0x00000007ac07e4b0,0x00000007ac080000)
  to   space 2048K, 0% used [0x00000007abc80000,0x00000007abc80000,0x00000007abe80000)
 ParOldGen       total 68608K, used 41874K [0x0000000700000000, 0x0000000704300000, 0x00000007aab00000)
  object space 68608K, 61% used [0x0000000700000000,0x00000007028e4948,0x0000000704300000)
 Metaspace       used 61657K, committed 63040K, reserved 1114112K
  class space    used 6685K, committed 7296K, reserved 1048576K
}
Event: 18.383 GC heap after
{Heap after GC invocations=38 (full 3):
 PSYoungGen      total 19968K, used 2040K [0x00000007aab00000, 0x00000007aca80000, 0x0000000800000000)
  eden space 17920K, 0% used [0x00000007aab00000,0x00000007aab00000,0x00000007abc80000)
  from space 2048K, 99% used [0x00000007abc80000,0x00000007abe7e310,0x00000007abe80000)
  to   space 7168K, 0% used [0x00000007ac380000,0x00000007ac380000,0x00000007aca80000)
 ParOldGen       total 68608K, used 46030K [0x0000000700000000, 0x0000000704300000, 0x00000007aab00000)
  object space 68608K, 67% used [0x0000000700000000,0x0000000702cf3900,0x0000000704300000)
 Metaspace       used 61657K, committed 63040K, reserved 1114112K
  class space    used 6685K, committed 7296K, reserved 1048576K
}
Event: 18.847 GC heap before
{Heap before GC invocations=39 (full 3):
 PSYoungGen      total 19968K, used 19960K [0x00000007aab00000, 0x00000007aca80000, 0x0000000800000000)
  eden space 17920K, 100% used [0x00000007aab00000,0x00000007abc80000,0x00000007abc80000)
  from space 2048K, 99% used [0x00000007abc80000,0x00000007abe7e310,0x00000007abe80000)
  to   space 7168K, 0% used [0x00000007ac380000,0x00000007ac380000,0x00000007aca80000)
 ParOldGen       total 68608K, used 46030K [0x0000000700000000, 0x0000000704300000, 0x00000007aab00000)
  object space 68608K, 67% used [0x0000000700000000,0x0000000702cf3900,0x0000000704300000)
 Metaspace       used 62461K, committed 63808K, reserved 1114112K
  class space    used 6770K, committed 7360K, reserved 1048576K
}
Event: 18.853 GC heap after
{Heap after GC invocations=39 (full 3):
 PSYoungGen      total 20480K, used 2290K [0x00000007aab00000, 0x00000007ac600000, 0x0000000800000000)
  eden space 17920K, 0% used [0x00000007aab00000,0x00000007aab00000,0x00000007abc80000)
  from space 2560K, 89% used [0x00000007ac380000,0x00000007ac5bcbd0,0x00000007ac600000)
  to   space 4096K, 0% used [0x00000007abe00000,0x00000007abe00000,0x00000007ac200000)
 ParOldGen       total 68608K, used 48070K [0x0000000700000000, 0x0000000704300000, 0x00000007aab00000)
  object space 68608K, 70% used [0x0000000700000000,0x0000000702ef1b98,0x0000000704300000)
 Metaspace       used 62461K, committed 63808K, reserved 1114112K
  class space    used 6770K, committed 7360K, reserved 1048576K
}
Event: 20.752 GC heap before
{Heap before GC invocations=40 (full 3):
 PSYoungGen      total 20480K, used 20210K [0x00000007aab00000, 0x00000007ac600000, 0x0000000800000000)
  eden space 17920K, 99% used [0x00000007aab00000,0x00000007abc7ffd8,0x00000007abc80000)
  from space 2560K, 89% used [0x00000007ac380000,0x00000007ac5bcbd0,0x00000007ac600000)
  to   space 4096K, 0% used [0x00000007abe00000,0x00000007abe00000,0x00000007ac200000)
 ParOldGen       total 68608K, used 48070K [0x0000000700000000, 0x0000000704300000, 0x00000007aab00000)
  object space 68608K, 70% used [0x0000000700000000,0x0000000702ef1b98,0x0000000704300000)
 Metaspace       used 62965K, committed 64320K, reserved 1114112K
  class space    used 6806K, committed 7424K, reserved 1048576K
}
Event: 20.756 GC heap after
{Heap after GC invocations=40 (full 3):
 PSYoungGen      total 22016K, used 1120K [0x00000007aab00000, 0x00000007ac400000, 0x0000000800000000)
  eden space 17920K, 0% used [0x00000007aab00000,0x00000007aab00000,0x00000007abc80000)
  from space 4096K, 27% used [0x00000007abe00000,0x00000007abf18020,0x00000007ac200000)
  to   space 2048K, 0% used [0x00000007ac200000,0x00000007ac200000,0x00000007ac400000)
 ParOldGen       total 68608K, used 49379K [0x0000000700000000, 0x0000000704300000, 0x00000007aab00000)
  object space 68608K, 71% used [0x0000000700000000,0x0000000703038fc0,0x0000000704300000)
 Metaspace       used 62965K, committed 64320K, reserved 1114112K
  class space    used 6806K, committed 7424K, reserved 1048576K
}
Event: 22.752 GC heap before
{Heap before GC invocations=41 (full 3):
 PSYoungGen      total 22016K, used 19040K [0x00000007aab00000, 0x00000007ac400000, 0x0000000800000000)
  eden space 17920K, 100% used [0x00000007aab00000,0x00000007abc80000,0x00000007abc80000)
  from space 4096K, 27% used [0x00000007abe00000,0x00000007abf18020,0x00000007ac200000)
  to   space 2048K, 0% used [0x00000007ac200000,0x00000007ac200000,0x00000007ac400000)
 ParOldGen       total 68608K, used 49379K [0x0000000700000000, 0x0000000704300000, 0x00000007aab00000)
  object space 68608K, 71% used [0x0000000700000000,0x0000000703038fc0,0x0000000704300000)
 Metaspace       used 63426K, committed 64768K, reserved 1114112K
  class space    used 6823K, committed 7424K, reserved 1048576K
}
Event: 22.756 GC heap after
{Heap after GC invocations=41 (full 3):
 PSYoungGen      total 19968K, used 1793K [0x00000007aab00000, 0x00000007ac400000, 0x0000000800000000)
  eden space 17920K, 0% used [0x00000007aab00000,0x00000007aab00000,0x00000007abc80000)
  from space 2048K, 87% used [0x00000007ac200000,0x00000007ac3c0580,0x00000007ac400000)
  to   space 2048K, 0% used [0x00000007ac000000,0x00000007ac000000,0x00000007ac200000)
 ParOldGen       total 68608K, used 49587K [0x0000000700000000, 0x0000000704300000, 0x00000007aab00000)
  object space 68608K, 72% used [0x0000000700000000,0x000000070306cfc0,0x0000000704300000)
 Metaspace       used 63426K, committed 64768K, reserved 1114112K
  class space    used 6823K, committed 7424K, reserved 1048576K
}
Event: 23.870 GC heap before
{Heap before GC invocations=42 (full 3):
 PSYoungGen      total 19968K, used 19713K [0x00000007aab00000, 0x00000007ac400000, 0x0000000800000000)
  eden space 17920K, 100% used [0x00000007aab00000,0x00000007abc80000,0x00000007abc80000)
  from space 2048K, 87% used [0x00000007ac200000,0x00000007ac3c0580,0x00000007ac400000)
  to   space 2048K, 0% used [0x00000007ac000000,0x00000007ac000000,0x00000007ac200000)
 ParOldGen       total 68608K, used 49587K [0x0000000700000000, 0x0000000704300000, 0x00000007aab00000)
  object space 68608K, 72% used [0x0000000700000000,0x000000070306cfc0,0x0000000704300000)
 Metaspace       used 63839K, committed 65216K, reserved 1114112K
  class space    used 6839K, committed 7424K, reserved 1048576K
}
Event: 23.873 GC heap after
{Heap after GC invocations=42 (full 3):
 PSYoungGen      total 18944K, used 688K [0x00000007aab00000, 0x00000007ac280000, 0x0000000800000000)
  eden space 17920K, 0% used [0x00000007aab00000,0x00000007aab00000,0x00000007abc80000)
  from space 1024K, 67% used [0x00000007ac000000,0x00000007ac0ac010,0x00000007ac100000)
  to   space 1536K, 0% used [0x00000007ac100000,0x00000007ac100000,0x00000007ac280000)
 ParOldGen       total 68608K, used 50865K [0x0000000700000000, 0x0000000704300000, 0x00000007aab00000)
  object space 68608K, 74% used [0x0000000700000000,0x00000007031ac470,0x0000000704300000)
 Metaspace       used 63839K, committed 65216K, reserved 1114112K
  class space    used 6839K, committed 7424K, reserved 1048576K
}
Event: 24.619 GC heap before
{Heap before GC invocations=43 (full 3):
 PSYoungGen      total 18944K, used 18608K [0x00000007aab00000, 0x00000007ac280000, 0x0000000800000000)
  eden space 17920K, 100% used [0x00000007aab00000,0x00000007abc80000,0x00000007abc80000)
  from space 1024K, 67% used [0x00000007ac000000,0x00000007ac0ac010,0x00000007ac100000)
  to   space 1536K, 0% used [0x00000007ac100000,0x00000007ac100000,0x00000007ac280000)
 ParOldGen       total 68608K, used 50865K [0x0000000700000000, 0x0000000704300000, 0x00000007aab00000)
  object space 68608K, 74% used [0x0000000700000000,0x00000007031ac470,0x0000000704300000)
 Metaspace       used 65147K, committed 66496K, reserved 1114112K
  class space    used 6955K, committed 7552K, reserved 1048576K
}
Event: 24.624 GC heap after
{Heap after GC invocations=43 (full 3):
 PSYoungGen      total 19456K, used 1536K [0x00000007aab00000, 0x00000007ac280000, 0x0000000800000000)
  eden space 17920K, 0% used [0x00000007aab00000,0x00000007aab00000,0x00000007abc80000)
  from space 1536K, 100% used [0x00000007ac100000,0x00000007ac280000,0x00000007ac280000)
  to   space 2560K, 0% used [0x00000007abd80000,0x00000007abd80000,0x00000007ac000000)
 ParOldGen       total 68608K, used 51358K [0x0000000700000000, 0x0000000704300000, 0x00000007aab00000)
  object space 68608K, 74% used [0x0000000700000000,0x0000000703227930,0x0000000704300000)
 Metaspace       used 65147K, committed 66496K, reserved 1114112K
  class space    used 6955K, committed 7552K, reserved 1048576K
}
Event: 25.738 GC heap before
{Heap before GC invocations=44 (full 3):
 PSYoungGen      total 19456K, used 18141K [0x00000007aab00000, 0x00000007ac280000, 0x0000000800000000)
  eden space 17920K, 92% used [0x00000007aab00000,0x00000007abb37578,0x00000007abc80000)
  from space 1536K, 100% used [0x00000007ac100000,0x00000007ac280000,0x00000007ac280000)
  to   space 2560K, 0% used [0x00000007abd80000,0x00000007abd80000,0x00000007ac000000)
 ParOldGen       total 68608K, used 51358K [0x0000000700000000, 0x0000000704300000, 0x00000007aab00000)
  object space 68608K, 74% used [0x0000000700000000,0x0000000703227930,0x0000000704300000)
 Metaspace       used 65875K, committed 67264K, reserved 1114112K
  class space    used 7022K, committed 7616K, reserved 1048576K
}
Event: 25.742 GC heap after
{Heap after GC invocations=44 (full 3):
 PSYoungGen      total 20480K, used 320K [0x00000007aab00000, 0x00000007ac180000, 0x0000000800000000)
  eden space 17920K, 0% used [0x00000007aab00000,0x00000007aab00000,0x00000007abc80000)
  from space 2560K, 12% used [0x00000007abd80000,0x00000007abdd0000,0x00000007ac000000)
  to   space 1024K, 0% used [0x00000007ac080000,0x00000007ac080000,0x00000007ac180000)
 ParOldGen       total 68608K, used 52811K [0x0000000700000000, 0x0000000704300000, 0x00000007aab00000)
  object space 68608K, 76% used [0x0000000700000000,0x0000000703392d00,0x0000000704300000)
 Metaspace       used 65875K, committed 67264K, reserved 1114112K
  class space    used 7022K, committed 7616K, reserved 1048576K
}
Event: 26.504 GC heap before
{Heap before GC invocations=45 (full 3):
 PSYoungGen      total 20480K, used 18240K [0x00000007aab00000, 0x00000007ac180000, 0x0000000800000000)
  eden space 17920K, 100% used [0x00000007aab00000,0x00000007abc80000,0x00000007abc80000)
  from space 2560K, 12% used [0x00000007abd80000,0x00000007abdd0000,0x00000007ac000000)
  to   space 1024K, 0% used [0x00000007ac080000,0x00000007ac080000,0x00000007ac180000)
 ParOldGen       total 68608K, used 52811K [0x0000000700000000, 0x0000000704300000, 0x00000007aab00000)
  object space 68608K, 76% used [0x0000000700000000,0x0000000703392d00,0x0000000704300000)
 Metaspace       used 67638K, committed 69120K, reserved 1114112K
  class space    used 7213K, committed 7808K, reserved 1048576K
}
Event: 26.507 GC heap after
{Heap after GC invocations=45 (full 3):
 PSYoungGen      total 18944K, used 995K [0x00000007aab00000, 0x00000007ac180000, 0x0000000800000000)
  eden space 17920K, 0% used [0x00000007aab00000,0x00000007aab00000,0x00000007abc80000)
  from space 1024K, 97% used [0x00000007ac080000,0x00000007ac178cb8,0x00000007ac180000)
  to   space 2560K, 0% used [0x00000007abc80000,0x00000007abc80000,0x00000007abf00000)
 ParOldGen       total 68608K, used 53610K [0x0000000700000000, 0x0000000704300000, 0x00000007aab00000)
  object space 68608K, 78% used [0x0000000700000000,0x000000070345a8f0,0x0000000704300000)
 Metaspace       used 67638K, committed 69120K, reserved 1114112K
  class space    used 7213K, committed 7808K, reserved 1048576K
}
Event: 26.882 GC heap before
{Heap before GC invocations=46 (full 3):
 PSYoungGen      total 18944K, used 18915K [0x00000007aab00000, 0x00000007ac180000, 0x0000000800000000)
  eden space 17920K, 100% used [0x00000007aab00000,0x00000007abc80000,0x00000007abc80000)
  from space 1024K, 97% used [0x00000007ac080000,0x00000007ac178cb8,0x00000007ac180000)
  to   space 2560K, 0% used [0x00000007abc80000,0x00000007abc80000,0x00000007abf00000)
 ParOldGen       total 68608K, used 53610K [0x0000000700000000, 0x0000000704300000, 0x00000007aab00000)
  object space 68608K, 78% used [0x0000000700000000,0x000000070345a8f0,0x0000000704300000)
 Metaspace       used 69062K, committed 70592K, reserved 1114112K
  class space    used 7410K, committed 8064K, reserved 1048576K
}
Event: 26.888 GC heap after
{Heap after GC invocations=46 (full 3):
 PSYoungGen      total 20480K, used 2544K [0x00000007aab00000, 0x00000007ac880000, 0x0000000800000000)
  eden space 17920K, 0% used [0x00000007aab00000,0x00000007aab00000,0x00000007abc80000)
  from space 2560K, 99% used [0x00000007abc80000,0x00000007abefc010,0x00000007abf00000)
  to   space 6144K, 0% used [0x00000007ac280000,0x00000007ac280000,0x00000007ac880000)
 ParOldGen       total 68608K, used 56265K [0x0000000700000000, 0x0000000704300000, 0x00000007aab00000)
  object space 68608K, 82% used [0x0000000700000000,0x00000007036f2540,0x0000000704300000)
 Metaspace       used 69062K, committed 70592K, reserved 1114112K
  class space    used 7410K, committed 8064K, reserved 1048576K
}

